2025-09-09 21:32:20 - enhanced_search_processor - INFO - Parsed search context: SearchContext(role='sales executive', domain='fmcg', min_experience=2.0, max_experience=3.0, skills=[], location=None, min_salary=None, max_salary=2.0, education_requirements=[], notice_period=None)
2025-09-09 21:32:20 - enhanced_search_processor - INFO - Enhanced query: I am looking for a Sales Executive With FMCG Sales in between 2-3 years of experince salary budget is 2 lakh job role: sales executive industry: fmcg fmcg fast moving consumer goods consumer goods experience between 2.0 and 3.0 years
2025-09-09 21:32:20 - enhanced_search_processor - INFO - Parsed search context: SearchContext(role='python developer', domain='it', min_experience=3.0, max_experience=5.0, skills=['python', 'react'], location=None, min_salary=None, max_salary=8.0, education_requirements=[], notice_period=None)
2025-09-09 21:32:20 - enhanced_search_processor - INFO - Enhanced query: Need a Python developer with 3-5 years experience in Django and React, salary up to 8 lakhs job role: python developer industry: it it information technology software experience between 3.0 and 5.0 years skills: python react
2025-09-09 21:32:20 - enhanced_search_processor - INFO - Parsed search context: SearchContext(role='marketing manager', domain='it', min_experience=5.0, max_experience=None, skills=['digital marketing'], location=None, min_salary=None, max_salary=None, education_requirements=[], notice_period=None)
2025-09-09 21:32:20 - enhanced_search_processor - INFO - Enhanced query: Looking for Marketing Manager with minimum 5 years experience in digital marketing, budget 12 lakhs job role: marketing manager industry: it it information technology software minimum 5.0 years experience skills: digital marketing
2025-09-09 21:32:20 - enhanced_search_processor - INFO - Parsed search context: SearchContext(role='senior java', domain='it', min_experience=6.0, max_experience=None, skills=['microservices', 'aws', 'java'], location='Bangalore', min_salary=None, max_salary=None, education_requirements=[], notice_period=None)
2025-09-09 21:32:20 - enhanced_search_processor - INFO - Enhanced query: Senior Java developer with AWS and Microservices experience, 6+ years, based in Bangalore job role: senior java industry: it it information technology software minimum 6.0 years experience skills: microservices aws java
2025-09-09 21:32:20 - enhanced_search_processor - INFO - Parsed search context: SearchContext(role=None, domain='it', min_experience=1.0, max_experience=2.0, skills=[], location=None, min_salary=3.0, max_salary=4.0, education_requirements=[], notice_period='immediate')
2025-09-09 21:32:20 - enhanced_search_processor - INFO - Enhanced query: HR Executive with 1-2 years experience in recruitment, immediate joiner, salary 3-4 lakhs industry: it it information technology software experience between 1.0 and 2.0 years
2025-09-09 21:32:20 - enhanced_search_processor - INFO - Parsed search context: SearchContext(role='sales', domain='fmcg', min_experience=2.0, max_experience=3.0, skills=[], location=None, min_salary=None, max_salary=2.0, education_requirements=[], notice_period=None)
2025-09-15 21:24:57 - enhanced_search_processor - INFO - Parsed search context: SearchContext(role='find me  python', domain='it', min_experience=2.5, max_experience=3.5, skills=['python'], location=None, min_salary=None, max_salary=None, education_requirements=[], notice_period=None)
2025-09-15 21:24:57 - enhanced_search_processor - INFO - Parsed search context: SearchContext(role='find me  python', domain='it', min_experience=2.5, max_experience=3.5, skills=['python'], location=None, min_salary=None, max_salary=None, education_requirements=[], notice_period=None)
2025-09-15 21:24:57 - enhanced_search_processor - INFO - Enhanced query: Find me a Python developer with 3 years experience job role: find me  python industry: it it information technology software experience between 2.5 and 3.5 years skills: python
2025-09-15 21:26:03 - enhanced_search_processor - INFO - Parsed search context: SearchContext(role='find me  python', domain='it', min_experience=2.5, max_experience=3.5, skills=['python'], location=None, min_salary=None, max_salary=None, education_requirements=[], notice_period=None)
2025-09-15 21:26:03 - enhanced_search_processor - INFO - Parsed search context: SearchContext(role='find me  python', domain='it', min_experience=2.5, max_experience=3.5, skills=['python'], location=None, min_salary=None, max_salary=None, education_requirements=[], notice_period=None)
2025-09-15 21:26:03 - enhanced_search_processor - INFO - Enhanced query: Find me a Python developer with 3 years experience job role: find me  python industry: it it information technology software experience between 2.5 and 3.5 years skills: python
2025-09-15 21:28:23 - enhanced_search_processor - INFO - Parsed search context: SearchContext(role='find me  python', domain='it', min_experience=2.5, max_experience=3.5, skills=['python'], location=None, min_salary=None, max_salary=None, education_requirements=[], notice_period=None)
2025-09-15 21:28:23 - enhanced_search_processor - INFO - Parsed search context: SearchContext(role='find me  python', domain='it', min_experience=2.5, max_experience=3.5, skills=['python'], location=None, min_salary=None, max_salary=None, education_requirements=[], notice_period=None)
2025-09-15 21:28:23 - enhanced_search_processor - INFO - Enhanced query: Find me a Python developer with 3 years experience job role: find me  python industry: it it information technology software experience between 2.5 and 3.5 years skills: python
2025-09-18 23:51:07 - enhanced_search_processor - INFO - Parsed search context: SearchContext(role='find me  python', domain='it', min_experience=2.5, max_experience=3.5, skills=['python'], location=None, min_salary=None, max_salary=None, education_requirements=[], notice_period=None)
2025-09-18 23:51:07 - enhanced_search_processor - INFO - Parsed search context: SearchContext(role='find me  python', domain='it', min_experience=2.5, max_experience=3.5, skills=['python'], location=None, min_salary=None, max_salary=None, education_requirements=[], notice_period=None)
2025-09-18 23:51:07 - enhanced_search_processor - INFO - Enhanced query: Find me a Python developer with 3 years experience job role: find me  python industry: it it information technology software experience between 2.5 and 3.5 years skills: python
