2025-07-19 22:04:00 - main - INFO - Starting application initialization...
2025-07-19 22:04:00 - main - INFO - Using 'balanced' deployment configuration
2025-07-19 22:04:00 - main - INFO - Models to ensure: ['BAAI/bge-large-en-v1.5', 'BAAI/bge-large-zh-v1.5', 'thenlper/gte-large']
2025-07-19 22:04:00 - main - INFO - All critical embedding models are ready!
2025-07-19 22:04:03 - main - INFO - Application startup completed successfully!
2025-07-19 22:05:16 - main - INFO - Starting application initialization...
2025-07-19 22:05:16 - main - INFO - Using 'balanced' deployment configuration
2025-07-19 22:05:16 - main - INFO - Models to ensure: ['BAAI/bge-large-en-v1.5', 'BAAI/bge-large-zh-v1.5', 'thenlper/gte-large']
2025-07-19 22:05:16 - main - INFO - All critical embedding models are ready!
2025-07-19 22:05:19 - main - INFO - Application startup completed successfully!
2025-07-19 22:08:03 - main - INFO - Starting application initialization...
2025-07-19 22:08:03 - main - INFO - Using 'balanced' deployment configuration
2025-07-19 22:08:03 - main - INFO - Models to ensure: ['BAAI/bge-large-en-v1.5', 'BAAI/bge-large-zh-v1.5', 'thenlper/gte-large']
2025-07-19 22:08:03 - main - INFO - All critical embedding models are ready!
2025-07-19 22:08:06 - main - INFO - Application startup completed successfully!
2025-07-19 22:10:21 - main - INFO - Starting application initialization...
2025-07-19 22:10:21 - main - INFO - Using 'balanced' deployment configuration
2025-07-19 22:10:21 - main - INFO - Models to ensure: ['BAAI/bge-large-en-v1.5', 'BAAI/bge-large-zh-v1.5', 'thenlper/gte-large']
2025-07-19 22:10:21 - main - INFO - All critical embedding models are ready!
2025-07-19 22:10:24 - main - INFO - Application startup completed successfully!
2025-07-19 22:13:08 - main - INFO - Starting application initialization...
2025-07-19 22:13:08 - main - INFO - Using 'balanced' deployment configuration
2025-07-19 22:13:08 - main - INFO - Models to ensure: ['BAAI/bge-large-en-v1.5', 'BAAI/bge-large-zh-v1.5', 'thenlper/gte-large']
2025-07-19 22:13:08 - main - INFO - All critical embedding models are ready!
2025-07-19 22:13:15 - main - INFO - Application startup completed successfully!
2025-07-19 22:13:30 - main - INFO - Starting application initialization...
2025-07-19 22:13:30 - main - INFO - Using 'balanced' deployment configuration
2025-07-19 22:13:30 - main - INFO - Models to ensure: ['BAAI/bge-large-en-v1.5', 'BAAI/bge-large-zh-v1.5', 'thenlper/gte-large']
2025-07-19 22:13:30 - main - INFO - All critical embedding models are ready!
2025-07-19 22:13:32 - main - INFO - Application startup completed successfully!
2025-07-19 22:14:30 - main - INFO - Starting application initialization...
2025-07-19 22:14:30 - main - INFO - Using 'balanced' deployment configuration
2025-07-19 22:14:30 - main - INFO - Models to ensure: ['BAAI/bge-large-en-v1.5', 'BAAI/bge-large-zh-v1.5', 'thenlper/gte-large']
2025-07-19 22:14:30 - main - INFO - All critical embedding models are ready!
2025-07-19 22:14:33 - main - INFO - Application startup completed successfully!
2025-07-19 22:41:54 - main - INFO - Starting application initialization...
2025-07-19 22:41:54 - main - INFO - Using 'balanced' deployment configuration
2025-07-19 22:41:54 - main - INFO - Models to ensure: ['BAAI/bge-large-en-v1.5', 'BAAI/bge-large-zh-v1.5', 'thenlper/gte-large']
2025-07-19 22:41:54 - main - INFO - All critical embedding models are ready!
2025-07-19 22:41:57 - main - INFO - Application startup completed successfully!
2025-07-19 22:48:30 - main - INFO - Starting application initialization...
2025-07-19 22:48:30 - main - INFO - Using 'balanced' deployment configuration
2025-07-19 22:48:30 - main - INFO - Models to ensure: ['BAAI/bge-large-en-v1.5', 'BAAI/bge-large-zh-v1.5', 'thenlper/gte-large']
2025-07-19 22:48:30 - main - INFO - All critical embedding models are ready!
2025-07-19 22:48:33 - main - INFO - Application startup completed successfully!
2025-07-19 22:52:08 - main - INFO - Starting application initialization...
2025-07-19 22:52:08 - main - INFO - Using 'balanced' deployment configuration
2025-07-19 22:52:08 - main - INFO - Models to ensure: ['BAAI/bge-large-en-v1.5', 'BAAI/bge-large-zh-v1.5', 'thenlper/gte-large']
2025-07-19 22:52:08 - main - INFO - All critical embedding models are ready!
2025-07-19 22:52:11 - main - INFO - Application startup completed successfully!
2025-07-19 22:53:57 - main - INFO - Starting application initialization...
2025-07-19 22:53:57 - main - INFO - Using 'balanced' deployment configuration
2025-07-19 22:53:57 - main - INFO - Models to ensure: ['BAAI/bge-large-en-v1.5', 'BAAI/bge-large-zh-v1.5', 'thenlper/gte-large']
2025-07-19 22:53:57 - main - INFO - All critical embedding models are ready!
2025-07-19 22:54:00 - main - INFO - Application startup completed successfully!
2025-07-19 22:54:24 - main - INFO - Starting application initialization...
2025-07-19 22:54:24 - main - INFO - Using 'balanced' deployment configuration
2025-07-19 22:54:24 - main - INFO - Models to ensure: ['BAAI/bge-large-en-v1.5', 'BAAI/bge-large-zh-v1.5', 'thenlper/gte-large']
2025-07-19 22:54:24 - main - INFO - All critical embedding models are ready!
2025-07-19 22:54:27 - main - INFO - Application startup completed successfully!
2025-07-19 22:55:16 - main - INFO - Starting application initialization...
2025-07-19 22:55:16 - main - INFO - Using 'balanced' deployment configuration
2025-07-19 22:55:16 - main - INFO - Models to ensure: ['BAAI/bge-large-en-v1.5', 'BAAI/bge-large-zh-v1.5', 'thenlper/gte-large']
2025-07-19 22:55:16 - main - INFO - All critical embedding models are ready!
2025-07-19 22:55:19 - main - INFO - Application startup completed successfully!
2025-07-19 22:55:34 - main - INFO - Starting application initialization...
2025-07-19 22:55:34 - main - INFO - Using 'balanced' deployment configuration
2025-07-19 22:55:34 - main - INFO - Models to ensure: ['BAAI/bge-large-en-v1.5', 'BAAI/bge-large-zh-v1.5', 'thenlper/gte-large']
2025-07-19 22:55:34 - main - INFO - All critical embedding models are ready!
2025-07-19 22:55:36 - main - INFO - Application startup completed successfully!
2025-07-19 22:59:08 - main - INFO - Starting application initialization...
2025-07-19 22:59:08 - main - INFO - Using 'balanced' deployment configuration
2025-07-19 22:59:08 - main - INFO - Models to ensure: ['BAAI/bge-large-en-v1.5', 'BAAI/bge-large-zh-v1.5', 'thenlper/gte-large']
2025-07-19 22:59:08 - main - INFO - All critical embedding models are ready!
2025-07-19 22:59:11 - main - INFO - Application startup completed successfully!
2025-07-19 23:02:04 - main - INFO - Starting application initialization...
2025-07-19 23:02:04 - main - INFO - Using 'balanced' deployment configuration
2025-07-19 23:02:04 - main - INFO - Models to ensure: ['BAAI/bge-large-en-v1.5', 'BAAI/bge-large-zh-v1.5', 'thenlper/gte-large']
2025-07-19 23:02:04 - main - INFO - All critical embedding models are ready!
2025-07-19 23:02:07 - main - INFO - Application startup completed successfully!
2025-07-19 23:04:20 - main - INFO - Starting application initialization...
2025-07-19 23:04:20 - main - INFO - Using 'balanced' deployment configuration
2025-07-19 23:04:20 - main - INFO - Models to ensure: ['BAAI/bge-large-en-v1.5', 'BAAI/bge-large-zh-v1.5', 'thenlper/gte-large']
2025-07-19 23:04:20 - main - INFO - All critical embedding models are ready!
2025-07-19 23:04:23 - main - INFO - Application startup completed successfully!
2025-07-19 23:06:15 - main - INFO - Starting application initialization...
2025-07-19 23:06:15 - main - INFO - Using 'balanced' deployment configuration
2025-07-19 23:06:15 - main - INFO - Models to ensure: ['BAAI/bge-large-en-v1.5', 'BAAI/bge-large-zh-v1.5', 'thenlper/gte-large']
2025-07-19 23:06:15 - main - INFO - All critical embedding models are ready!
2025-07-19 23:06:18 - main - INFO - Application startup completed successfully!
2025-07-19 23:08:12 - main - INFO - Starting application initialization...
2025-07-19 23:08:12 - main - INFO - Using 'balanced' deployment configuration
2025-07-19 23:08:12 - main - INFO - Models to ensure: ['BAAI/bge-large-en-v1.5', 'BAAI/bge-large-zh-v1.5', 'thenlper/gte-large']
2025-07-19 23:08:12 - main - INFO - All critical embedding models are ready!
2025-07-19 23:08:16 - main - INFO - Application startup completed successfully!
2025-07-19 23:10:00 - main - INFO - Starting application initialization...
2025-07-19 23:10:00 - main - INFO - Using 'balanced' deployment configuration
2025-07-19 23:10:00 - main - INFO - Models to ensure: ['BAAI/bge-large-en-v1.5', 'BAAI/bge-large-zh-v1.5', 'thenlper/gte-large']
2025-07-19 23:10:00 - main - INFO - All critical embedding models are ready!
2025-07-19 23:10:04 - main - INFO - Application startup completed successfully!
2025-07-19 23:10:47 - main - INFO - Starting application initialization...
2025-07-19 23:10:47 - main - INFO - Using 'balanced' deployment configuration
2025-07-19 23:10:47 - main - INFO - Models to ensure: ['BAAI/bge-large-en-v1.5', 'BAAI/bge-large-zh-v1.5', 'thenlper/gte-large']
2025-07-19 23:10:47 - main - INFO - All critical embedding models are ready!
2025-07-19 23:10:50 - main - INFO - Application startup completed successfully!
2025-07-19 23:16:53 - main - INFO - Starting application initialization...
2025-07-19 23:16:53 - main - INFO - Using 'balanced' deployment configuration
2025-07-19 23:16:53 - main - INFO - Models to ensure: ['BAAI/bge-large-en-v1.5', 'BAAI/bge-large-zh-v1.5', 'thenlper/gte-large']
2025-07-19 23:16:53 - main - INFO - All critical embedding models are ready!
2025-07-19 23:16:56 - main - INFO - Application startup completed successfully!
2025-07-19 23:17:40 - main - INFO - Starting application initialization...
2025-07-19 23:17:40 - main - INFO - Using 'balanced' deployment configuration
2025-07-19 23:17:40 - main - INFO - Models to ensure: ['BAAI/bge-large-en-v1.5', 'BAAI/bge-large-zh-v1.5', 'thenlper/gte-large']
2025-07-19 23:17:40 - main - INFO - All critical embedding models are ready!
2025-07-19 23:17:43 - main - INFO - Application startup completed successfully!
2025-07-19 23:18:43 - main - INFO - Starting application initialization...
2025-07-19 23:18:43 - main - INFO - Using 'balanced' deployment configuration
2025-07-19 23:18:43 - main - INFO - Models to ensure: ['BAAI/bge-large-en-v1.5', 'BAAI/bge-large-zh-v1.5', 'thenlper/gte-large']
2025-07-19 23:18:43 - main - INFO - All critical embedding models are ready!
2025-07-19 23:18:46 - main - INFO - Application startup completed successfully!
2025-07-19 23:19:03 - main - INFO - Starting application initialization...
2025-07-19 23:19:03 - main - INFO - Using 'balanced' deployment configuration
2025-07-19 23:19:03 - main - INFO - Models to ensure: ['BAAI/bge-large-en-v1.5', 'BAAI/bge-large-zh-v1.5', 'thenlper/gte-large']
2025-07-19 23:19:03 - main - INFO - All critical embedding models are ready!
2025-07-19 23:19:06 - main - INFO - Application startup completed successfully!
2025-07-19 23:19:31 - main - INFO - Starting application initialization...
2025-07-19 23:19:31 - main - INFO - Using 'balanced' deployment configuration
2025-07-19 23:19:31 - main - INFO - Models to ensure: ['BAAI/bge-large-en-v1.5', 'BAAI/bge-large-zh-v1.5', 'thenlper/gte-large']
2025-07-19 23:19:31 - main - INFO - All critical embedding models are ready!
2025-07-19 23:19:34 - main - INFO - Application startup completed successfully!
