2025-07-19 22:49:31 - multiple_resume_parser_api - INFO - Processing 1 resumes
2025-07-19 22:49:31 - multiple_resume_parser_api - INFO - Processing resume: sudheera1.pdf
2025-07-19 22:49:32 - multiple_resume_parser_api - INFO - Initialized parser with provider: groq_cloud
2025-07-19 22:49:33 - multiple_resume_parser_api - INFO - Generating embeddings for resume data
2025-07-19 22:49:33 - multiple_resume_parser_api - ERROR - Error generating embeddings: 'AddUserDataVectorizer' object has no attribute 'generate_embeddings'
2025-07-19 22:49:33 - multiple_resume_parser_api - INFO - Successfully processed sudheera1.pdf
2025-07-19 22:49:33 - multiple_resume_parser_api - INFO - Completed processing: sudheera1.pdf
2025-07-19 22:49:33 - multiple_resume_parser_api - ERROR - Error saving resume to database: 'ResumeOperations' object has no attribute 'add_resume'
2025-07-19 22:52:50 - multiple_resume_parser_api - INFO - Processing 1 resumes
2025-07-19 22:52:50 - multiple_resume_parser_api - INFO - Processing resume: sudheera1.pdf
2025-07-19 22:52:51 - multiple_resume_parser_api - INFO - Initialized parser with provider: groq_cloud
2025-07-19 22:52:53 - multiple_resume_parser_api - INFO - Generating embeddings for resume data
2025-07-19 22:52:56 - multiple_resume_parser_api - INFO - Generated 4 embedding types for resume
2025-07-19 22:52:56 - multiple_resume_parser_api - INFO - Successfully processed sudheera1.pdf
2025-07-19 22:52:56 - multiple_resume_parser_api - INFO - Completed processing: sudheera1.pdf
2025-07-19 22:52:57 - multiple_resume_parser_api - ERROR - Error saving resume to database: object dict can't be used in 'await' expression
2025-07-19 22:55:36 - multiple_resume_parser_api - INFO - Processing 1 resumes
2025-07-19 22:55:36 - multiple_resume_parser_api - INFO - Processing resume: sudheera1.pdf
2025-07-19 22:55:37 - multiple_resume_parser_api - INFO - Initialized parser with provider: groq_cloud
2025-07-19 22:55:38 - multiple_resume_parser_api - INFO - Generating embeddings for resume data
2025-07-19 22:55:40 - multiple_resume_parser_api - INFO - Generated 4 embedding types for resume
2025-07-19 22:55:40 - multiple_resume_parser_api - INFO - Successfully processed sudheera1.pdf
2025-07-19 22:55:40 - multiple_resume_parser_api - INFO - Completed processing: sudheera1.pdf
2025-07-19 22:55:40 - multiple_resume_parser_api - INFO - Generating embeddings for resume data
2025-07-19 22:55:41 - multiple_resume_parser_api - INFO - Generated 4 embedding types for resume
2025-07-19 22:55:43 - multiple_resume_parser_api - INFO - Saved resume to database with ID: 687bd517a2b9f8b2421d68cf
