2025-07-01 21:33:37 - recent_ai_search_uts - INFO - Saved AI search to recent for user string: i want a python developer
2025-07-01 22:37:52 - recent_ai_search_uts - INFO - Saved AI search to recent for user string: python developer
2025-07-01 22:39:49 - recent_ai_search_uts - INFO - Saved AI search to recent for user string: python developer
2025-07-01 22:41:54 - recent_ai_search_uts - INFO - Saved AI search to recent for user string: python 
2025-07-02 00:05:07 - recent_ai_search_uts - INFO - Saved AI search to recent for user test: python developer
2025-07-02 00:07:37 - recent_ai_search_uts - INFO - Saved AI search to recent for user test: python developer
2025-07-02 00:09:47 - recent_ai_search_uts - INFO - Saved AI search to recent for user test: python developer
2025-07-02 00:21:55 - recent_ai_search_uts - INFO - Saved AI search to recent for user test: python
2025-07-02 23:43:06 - recent_ai_search_uts - INFO - Saved AI search to recent for user string: string
2025-07-19 23:15:55 - recent_ai_search_uts - INFO - Saved AI search to recent for user string: string
2025-07-19 23:46:39 - recent_ai_search_uts - INFO - Saved AI search to recent for user string: string
2025-07-19 23:46:57 - recent_ai_search_uts - INFO - Saved AI search to recent for user string: string
2025-07-19 23:53:44 - recent_ai_search_uts - INFO - Saved AI search to recent for user string: string
2025-07-19 23:56:24 - recent_ai_search_uts - INFO - Saved AI search to recent for user string: string
2025-07-19 23:56:43 - recent_ai_search_uts - INFO - Saved AI search to recent for user string: string
2025-07-19 23:56:45 - recent_ai_search_uts - INFO - Saved AI search to recent for user string: string
2025-07-19 23:56:56 - recent_ai_search_uts - INFO - Saved AI search to recent for user string: string
2025-07-19 23:58:33 - recent_ai_search_uts - INFO - Saved AI search to recent for user string: string
2025-07-19 23:58:52 - recent_ai_search_uts - INFO - Saved AI search to recent for user string: sudheer
2025-07-19 23:58:59 - recent_ai_search_uts - INFO - Saved AI search to recent for user string: sudheer
2025-07-19 23:59:26 - recent_ai_search_uts - INFO - Saved AI search to recent for user string: plsql
2025-07-20 09:38:01 - recent_ai_search_uts - INFO - Saved AI search to recent for user string: string
2025-07-20 09:53:45 - recent_ai_search_uts - INFO - Saved AI search to recent for user string: string
2025-07-20 10:35:38 - recent_ai_search_uts - INFO - Saved AI search to recent for user string: string
2025-07-20 10:35:49 - recent_ai_search_uts - INFO - Saved AI search to recent for user string: string
2025-07-20 10:55:30 - recent_ai_search_uts - INFO - Saved AI search to recent for user string: string
2025-07-24 21:47:17 - recent_ai_search_uts - INFO - Saved AI search to recent for user string: string
2025-07-24 21:52:23 - recent_ai_search_uts - INFO - Saved AI search to recent for user string: string
2025-07-24 21:53:33 - recent_ai_search_uts - INFO - Saved AI search to recent for user string: string
2025-07-24 21:57:17 - recent_ai_search_uts - INFO - Saved AI search to recent for user string: string
2025-07-24 23:43:26 - recent_ai_search_uts - INFO - Saved AI search to recent for user string: string
2025-07-25 21:53:31 - recent_ai_search_uts - INFO - Saved AI search to recent for user string: string
2025-07-25 21:58:42 - recent_ai_search_uts - INFO - Saved AI search to recent for user string: string
2025-07-25 22:01:17 - recent_ai_search_uts - INFO - Saved AI search to recent for user string: string
2025-08-02 17:58:43 - recent_ai_search_uts - INFO - Saved AI search to recent for user 66c8771a20bd68c725758679: python
2025-08-02 17:59:18 - recent_ai_search_uts - INFO - Saved AI search to recent for user 66c8771a20bd68c725758679: python
2025-08-02 18:13:18 - recent_ai_search_uts - INFO - Saved AI search to recent for user 66c8771a20bd68c725758679: python
2025-08-02 18:27:24 - recent_ai_search_uts - INFO - Saved AI search to recent for user 66c8771a20bd68c725758679: python
2025-08-07 22:56:50 - recent_ai_search_uts - INFO - Saved AI search to recent for user string: string
2025-08-07 23:54:37 - recent_ai_search_uts - INFO - Saved AI search to recent for user string: string
2025-08-07 23:54:42 - recent_ai_search_uts - INFO - Saved AI search to recent for user veera123: string
2025-08-07 23:54:45 - recent_ai_search_uts - INFO - Saved AI search to recent for user veera123: string
2025-08-07 23:54:53 - recent_ai_search_uts - INFO - Saved AI search to recent for user veera123: python
2025-08-07 23:55:31 - recent_ai_search_uts - INFO - Saved AI search to recent for user veera123: python
2025-08-07 23:55:37 - recent_ai_search_uts - INFO - Saved AI search to recent for user veera123: python
2025-08-07 23:55:44 - recent_ai_search_uts - INFO - Saved AI search to recent for user veera123: python
2025-08-07 23:56:37 - recent_ai_search_uts - INFO - Saved AI search to recent for user string: string
2025-08-07 23:56:42 - recent_ai_search_uts - INFO - Saved AI search to recent for user veera123: string
2025-08-07 23:56:48 - recent_ai_search_uts - INFO - Saved AI search to recent for user veera123: string
2025-08-07 23:56:52 - recent_ai_search_uts - INFO - Saved AI search to recent for user veera123: string
2025-08-07 23:56:58 - recent_ai_search_uts - INFO - Saved AI search to recent for user veera123: string
2025-08-07 23:57:26 - recent_ai_search_uts - INFO - Saved AI search to recent for user veera123: string
