2025-07-01 20:58:32 - search_index_manager - INFO - Search index 'vector_search_index' already exists
2025-07-01 20:58:32 - search_index_manager - INFO - Search index already exists, skipping creation
2025-07-01 21:02:58 - search_index_manager - INFO - Search index 'vector_search_index' already exists
2025-07-01 21:02:58 - search_index_manager - INFO - Search index already exists, skipping creation
2025-07-01 21:03:59 - search_index_manager - INFO - Search index 'vector_search_index' already exists
2025-07-01 21:03:59 - search_index_manager - INFO - Search index already exists, skipping creation
2025-07-01 21:06:32 - search_index_manager - INFO - Search index 'vector_search_index' already exists
2025-07-01 21:06:32 - search_index_manager - INFO - Search index already exists, skipping creation
2025-07-01 21:15:06 - search_index_manager - INFO - Search index 'vector_search_index' already exists
2025-07-01 21:15:06 - search_index_manager - INFO - Search index already exists, skipping creation
2025-07-01 21:22:34 - search_index_manager - INFO - Search index 'vector_search_index' already exists
2025-07-01 21:22:34 - search_index_manager - INFO - Search index already exists, skipping creation
2025-07-01 21:34:20 - search_index_manager - INFO - Search index 'vector_search_index' already exists
2025-07-01 21:34:20 - search_index_manager - INFO - Search index already exists, skipping creation
2025-07-01 21:43:37 - search_index_manager - INFO - Search index 'vector_search_index' already exists
2025-07-01 21:43:37 - search_index_manager - INFO - Search index already exists, skipping creation
2025-07-01 21:46:49 - search_index_manager - INFO - Search index 'vector_search_index' already exists
2025-07-01 21:46:49 - search_index_manager - INFO - Search index already exists, skipping creation
2025-07-01 21:48:12 - search_index_manager - INFO - Search index 'vector_search_index' already exists
2025-07-01 21:48:12 - search_index_manager - INFO - Search index already exists, skipping creation
2025-07-01 21:54:11 - search_index_manager - INFO - Search index 'vector_search_index' already exists
2025-07-01 21:54:11 - search_index_manager - INFO - Search index already exists, skipping creation
2025-07-01 21:54:38 - search_index_manager - INFO - Search index 'vector_search_index' already exists
2025-07-01 21:54:38 - search_index_manager - INFO - Search index already exists, skipping creation
2025-07-01 22:00:18 - search_index_manager - INFO - Search index 'vector_search_index' already exists
2025-07-01 22:00:18 - search_index_manager - INFO - Search index already exists, skipping creation
2025-07-01 22:01:12 - search_index_manager - INFO - Search index 'vector_search_index' already exists
2025-07-01 22:01:12 - search_index_manager - INFO - Search index already exists, skipping creation
2025-07-01 22:03:27 - search_index_manager - INFO - Search index 'vector_search_index' already exists
2025-07-01 22:03:27 - search_index_manager - INFO - Search index already exists, skipping creation
2025-07-01 22:03:27 - search_index_manager - INFO - Search index 'vector_search_index' already exists
2025-07-01 22:03:27 - search_index_manager - INFO - Search index already exists, skipping creation
2025-07-01 22:10:00 - search_index_manager - INFO - Search index 'vector_search_index' already exists
2025-07-01 22:10:00 - search_index_manager - INFO - Search index already exists, skipping creation
2025-07-01 22:10:00 - search_index_manager - INFO - Search index 'vector_search_index' already exists
2025-07-01 22:10:00 - search_index_manager - INFO - Search index already exists, skipping creation
2025-07-01 22:15:20 - search_index_manager - INFO - Search index 'vector_search_index' already exists
2025-07-01 22:15:20 - search_index_manager - INFO - Search index already exists, skipping creation
2025-07-01 22:15:21 - search_index_manager - INFO - Search index 'vector_search_index' already exists
2025-07-01 22:15:21 - search_index_manager - INFO - Search index already exists, skipping creation
2025-07-01 22:18:08 - search_index_manager - INFO - Search index 'vector_search_index' already exists
2025-07-01 22:18:08 - search_index_manager - INFO - Search index already exists, skipping creation
2025-07-01 22:20:15 - search_index_manager - INFO - Search index 'vector_search_index' already exists
2025-07-01 22:20:15 - search_index_manager - INFO - Search index already exists, skipping creation
2025-07-01 22:20:54 - search_index_manager - INFO - Search index 'vector_search_index' already exists
2025-07-01 22:20:54 - search_index_manager - INFO - Search index already exists, skipping creation
2025-07-01 22:21:06 - search_index_manager - INFO - Search index 'vector_search_index' already exists
2025-07-01 22:21:06 - search_index_manager - INFO - Search index already exists, skipping creation
2025-07-01 22:22:40 - search_index_manager - INFO - Search index 'vector_search_index' already exists
2025-07-01 22:22:40 - search_index_manager - INFO - Search index already exists, skipping creation
2025-07-01 22:22:40 - search_index_manager - INFO - Search index 'vector_search_index' already exists
2025-07-01 22:22:40 - search_index_manager - INFO - Search index already exists, skipping creation
2025-07-01 22:25:56 - search_index_manager - INFO - Search index 'vector_search_index' already exists
2025-07-01 22:25:56 - search_index_manager - INFO - Search index already exists, skipping creation
2025-07-01 22:26:08 - search_index_manager - INFO - Search index 'vector_search_index' already exists
2025-07-01 22:26:08 - search_index_manager - INFO - Search index already exists, skipping creation
2025-07-01 22:26:30 - search_index_manager - INFO - Search index 'vector_search_index' already exists
2025-07-01 22:26:30 - search_index_manager - INFO - Search index already exists, skipping creation
2025-07-01 22:27:33 - search_index_manager - INFO - Search index 'vector_search_index' already exists
2025-07-01 22:27:33 - search_index_manager - INFO - Search index already exists, skipping creation
2025-07-01 22:27:34 - search_index_manager - INFO - Search index 'vector_search_index' already exists
2025-07-01 22:27:34 - search_index_manager - INFO - Search index already exists, skipping creation
2025-07-01 22:33:21 - search_index_manager - INFO - Search index 'vector_search_index' already exists
2025-07-01 22:33:21 - search_index_manager - INFO - Search index already exists, skipping creation
2025-07-01 22:33:59 - search_index_manager - INFO - Search index 'vector_search_index' already exists
2025-07-01 22:33:59 - search_index_manager - INFO - Search index already exists, skipping creation
2025-07-01 23:26:26 - search_index_manager - INFO - Search index 'vector_search_index' already exists
2025-07-01 23:26:26 - search_index_manager - INFO - Search index already exists, skipping creation
2025-07-01 23:38:58 - search_index_manager - INFO - Search index 'vector_search_index' already exists
2025-07-01 23:38:58 - search_index_manager - INFO - Search index already exists, skipping creation
2025-07-01 23:40:21 - search_index_manager - INFO - Search index 'vector_search_index' already exists
2025-07-01 23:40:21 - search_index_manager - INFO - Search index already exists, skipping creation
2025-07-01 23:50:01 - search_index_manager - INFO - Search index 'vector_search_index' already exists
2025-07-01 23:50:01 - search_index_manager - INFO - Search index already exists, skipping creation
2025-07-01 23:59:45 - search_index_manager - INFO - Search index 'vector_search_index' already exists
2025-07-01 23:59:45 - search_index_manager - INFO - Search index already exists, skipping creation
2025-07-02 00:01:31 - search_index_manager - INFO - Search index 'vector_search_index' already exists
2025-07-02 00:01:31 - search_index_manager - INFO - Search index already exists, skipping creation
2025-07-02 00:05:43 - search_index_manager - INFO - Search index 'vector_search_index' already exists
2025-07-02 00:05:43 - search_index_manager - INFO - Search index already exists, skipping creation
2025-07-02 00:07:17 - search_index_manager - INFO - Search index 'vector_search_index' already exists
2025-07-02 00:07:17 - search_index_manager - INFO - Search index already exists, skipping creation
2025-07-02 00:07:56 - search_index_manager - INFO - Search index 'vector_search_index' already exists
2025-07-02 00:07:56 - search_index_manager - INFO - Search index already exists, skipping creation
2025-07-02 00:08:20 - search_index_manager - INFO - Search index 'vector_search_index' already exists
2025-07-02 00:08:20 - search_index_manager - INFO - Search index already exists, skipping creation
2025-07-02 00:08:59 - search_index_manager - INFO - Search index 'vector_search_index' already exists
2025-07-02 00:08:59 - search_index_manager - INFO - Search index already exists, skipping creation
2025-07-02 00:19:12 - search_index_manager - INFO - Search index 'vector_search_index' already exists
2025-07-02 00:19:12 - search_index_manager - INFO - Search index already exists, skipping creation
2025-07-02 00:20:01 - search_index_manager - INFO - Search index 'vector_search_index' already exists
2025-07-02 00:20:01 - search_index_manager - INFO - Search index already exists, skipping creation
2025-07-02 23:03:07 - search_index_manager - INFO - Search index 'vector_search_index' already exists
2025-07-02 23:03:07 - search_index_manager - INFO - Search index already exists, skipping creation
2025-07-02 23:08:11 - search_index_manager - INFO - Search index 'vector_search_index' already exists
2025-07-02 23:08:11 - search_index_manager - INFO - Search index already exists, skipping creation
2025-07-02 23:10:13 - search_index_manager - INFO - Search index 'vector_search_index' already exists
2025-07-02 23:10:13 - search_index_manager - INFO - Search index already exists, skipping creation
2025-07-02 23:20:45 - search_index_manager - INFO - Search index 'vector_search_index' already exists
2025-07-02 23:20:45 - search_index_manager - INFO - Search index already exists, skipping creation
2025-07-02 23:22:14 - search_index_manager - INFO - Search index 'vector_search_index' already exists
2025-07-02 23:22:14 - search_index_manager - INFO - Search index already exists, skipping creation
2025-07-02 23:22:38 - search_index_manager - INFO - Search index 'vector_search_index' already exists
2025-07-02 23:22:38 - search_index_manager - INFO - Search index already exists, skipping creation
2025-07-02 23:39:32 - search_index_manager - INFO - Search index 'vector_search_index' already exists
2025-07-02 23:39:32 - search_index_manager - INFO - Search index already exists, skipping creation
2025-07-18 23:39:27 - search_index_manager - INFO - Search index created successfully: {'indexesCreated': [{'id': '687a8dd727d4f43c21b7222b', 'name': 'vector_search_index_1024'}], 'ok': 1.0, '$clusterTime': {'clusterTime': Timestamp(1752862166, 5), 'signature': {'hash': b'\xe2\x1a\xf98\xd5z\xdd\xad\x93;~\x03%\x01\xf3\xe3~\xef\x9b\t', 'keyId': 7485320233838706695}}, 'operationTime': Timestamp(1752862166, 5)}
2025-07-18 23:50:04 - search_index_manager - INFO - Search index 'vector_search_index' already exists
2025-07-18 23:50:04 - search_index_manager - INFO - Search index already exists, skipping creation
2025-07-18 23:55:15 - search_index_manager - INFO - Search index 'vector_search_index' already exists
2025-07-18 23:55:15 - search_index_manager - INFO - Search index already exists, skipping creation
2025-07-19 21:56:46 - search_index_manager - INFO - Created collection resumes in database resume_db
2025-07-19 21:56:47 - search_index_manager - INFO - Search index 'vector_search_index' does not exist
2025-07-19 21:56:47 - search_index_manager - INFO - Search index created successfully: {'indexesCreated': [{'id': '687bc7479fbb5561c684bb42', 'name': 'vector_search_index'}], 'ok': 1.0, '$clusterTime': {'clusterTime': Timestamp(1752942407, 12), 'signature': {'hash': b"\xeb\x1f.\x11P\x01\x14L'\xdbQ\x01B\x91\xf8\x82<\xea\x93X", 'keyId': 7463202114336980994}}, 'operationTime': Timestamp(1752942407, 12)}
2025-07-19 21:56:47 - search_index_manager - INFO - Search index created during initialization
2025-07-19 22:00:14 - search_index_manager - INFO - Search index 'vector_search_index' already exists
2025-07-19 22:00:14 - search_index_manager - INFO - Search index already exists, skipping creation
2025-07-19 22:04:01 - search_index_manager - INFO - Search index 'vector_search_index' already exists
2025-07-19 22:04:01 - search_index_manager - INFO - Search index already exists, skipping creation
2025-07-19 22:05:18 - search_index_manager - INFO - Search index 'vector_search_index' already exists
2025-07-19 22:05:18 - search_index_manager - INFO - Search index already exists, skipping creation
2025-07-19 22:08:05 - search_index_manager - INFO - Search index 'vector_search_index' already exists
2025-07-19 22:08:05 - search_index_manager - INFO - Search index already exists, skipping creation
2025-07-19 22:10:23 - search_index_manager - INFO - Search index 'vector_search_index' already exists
2025-07-19 22:10:23 - search_index_manager - INFO - Search index already exists, skipping creation
2025-07-19 22:13:09 - search_index_manager - INFO - Search index 'vector_search_index' already exists
2025-07-19 22:13:09 - search_index_manager - INFO - Search index already exists, skipping creation
2025-07-19 22:13:31 - search_index_manager - INFO - Search index 'vector_search_index' already exists
2025-07-19 22:13:31 - search_index_manager - INFO - Search index already exists, skipping creation
2025-07-19 22:14:31 - search_index_manager - INFO - Search index 'vector_search_index' already exists
2025-07-19 22:14:31 - search_index_manager - INFO - Search index already exists, skipping creation
2025-07-19 22:41:55 - search_index_manager - INFO - Search index 'vector_search_index' already exists
2025-07-19 22:41:55 - search_index_manager - INFO - Search index already exists, skipping creation
2025-07-19 22:48:31 - search_index_manager - INFO - Search index 'vector_search_index' already exists
2025-07-19 22:48:31 - search_index_manager - INFO - Search index already exists, skipping creation
2025-07-19 22:52:09 - search_index_manager - INFO - Search index 'vector_search_index' already exists
2025-07-19 22:52:09 - search_index_manager - INFO - Search index already exists, skipping creation
2025-07-19 22:53:58 - search_index_manager - INFO - Search index 'vector_search_index' already exists
2025-07-19 22:53:58 - search_index_manager - INFO - Search index already exists, skipping creation
2025-07-19 22:54:26 - search_index_manager - INFO - Search index 'vector_search_index' already exists
2025-07-19 22:54:26 - search_index_manager - INFO - Search index already exists, skipping creation
2025-07-19 22:55:18 - search_index_manager - INFO - Search index 'vector_search_index' already exists
2025-07-19 22:55:18 - search_index_manager - INFO - Search index already exists, skipping creation
2025-07-19 22:55:35 - search_index_manager - INFO - Search index 'vector_search_index' already exists
2025-07-19 22:55:35 - search_index_manager - INFO - Search index already exists, skipping creation
2025-07-19 22:59:10 - search_index_manager - INFO - Search index 'vector_search_index' already exists
2025-07-19 22:59:10 - search_index_manager - INFO - Search index already exists, skipping creation
2025-07-19 23:02:05 - search_index_manager - INFO - Search index 'vector_search_index' already exists
2025-07-19 23:02:05 - search_index_manager - INFO - Search index already exists, skipping creation
2025-07-19 23:04:21 - search_index_manager - INFO - Search index 'vector_search_index' already exists
2025-07-19 23:04:21 - search_index_manager - INFO - Search index already exists, skipping creation
2025-07-19 23:06:16 - search_index_manager - INFO - Search index 'vector_search_index' already exists
2025-07-19 23:06:16 - search_index_manager - INFO - Search index already exists, skipping creation
2025-07-19 23:08:14 - search_index_manager - INFO - Search index 'vector_search_index' already exists
2025-07-19 23:08:14 - search_index_manager - INFO - Search index already exists, skipping creation
2025-07-19 23:10:02 - search_index_manager - INFO - Search index 'vector_search_index' already exists
2025-07-19 23:10:02 - search_index_manager - INFO - Search index already exists, skipping creation
2025-07-19 23:10:48 - search_index_manager - INFO - Search index 'vector_search_index' already exists
2025-07-19 23:10:48 - search_index_manager - INFO - Search index already exists, skipping creation
2025-07-19 23:16:54 - search_index_manager - INFO - Search index 'vector_search_index' already exists
2025-07-19 23:16:54 - search_index_manager - INFO - Search index already exists, skipping creation
2025-07-19 23:17:42 - search_index_manager - INFO - Search index 'vector_search_index' already exists
2025-07-19 23:17:42 - search_index_manager - INFO - Search index already exists, skipping creation
2025-07-19 23:18:45 - search_index_manager - INFO - Search index 'vector_search_index' already exists
2025-07-19 23:18:45 - search_index_manager - INFO - Search index already exists, skipping creation
2025-07-19 23:19:04 - search_index_manager - INFO - Search index 'vector_search_index' already exists
2025-07-19 23:19:04 - search_index_manager - INFO - Search index already exists, skipping creation
2025-07-19 23:19:32 - search_index_manager - INFO - Search index 'vector_search_index' already exists
2025-07-19 23:19:32 - search_index_manager - INFO - Search index already exists, skipping creation
2025-07-19 23:45:05 - search_index_manager - INFO - Search index 'vector_search_index' already exists
2025-07-19 23:45:05 - search_index_manager - INFO - Search index already exists, skipping creation
2025-07-19 23:45:34 - search_index_manager - INFO - Search index 'vector_search_index' already exists
2025-07-19 23:45:34 - search_index_manager - INFO - Search index already exists, skipping creation
2025-07-19 23:46:01 - search_index_manager - INFO - Search index 'vector_search_index' already exists
2025-07-19 23:46:01 - search_index_manager - INFO - Search index already exists, skipping creation
2025-07-19 23:49:54 - search_index_manager - INFO - Search index 'vector_search_index' already exists
2025-07-19 23:49:54 - search_index_manager - INFO - Search index already exists, skipping creation
2025-07-19 23:51:14 - search_index_manager - INFO - Search index 'vector_search_index' already exists
2025-07-19 23:51:14 - search_index_manager - INFO - Search index already exists, skipping creation
2025-07-19 23:53:28 - search_index_manager - INFO - Search index 'vector_search_index' already exists
2025-07-19 23:53:28 - search_index_manager - INFO - Search index already exists, skipping creation
2025-07-19 23:55:17 - search_index_manager - INFO - Search index 'vector_search_index' already exists
2025-07-19 23:55:17 - search_index_manager - INFO - Search index already exists, skipping creation
2025-07-19 23:56:01 - search_index_manager - INFO - Search index 'vector_search_index' already exists
2025-07-19 23:56:01 - search_index_manager - INFO - Search index already exists, skipping creation
2025-07-19 23:56:18 - search_index_manager - INFO - Search index 'vector_search_index' already exists
2025-07-19 23:56:18 - search_index_manager - INFO - Search index already exists, skipping creation
2025-07-20 00:00:00 - search_index_manager - INFO - Search index 'vector_search_index' already exists
2025-07-20 00:00:00 - search_index_manager - INFO - Search index already exists, skipping creation
2025-07-20 09:34:25 - search_index_manager - INFO - Search index 'vector_search_index' already exists
2025-07-20 09:34:25 - search_index_manager - INFO - Search index already exists, skipping creation
2025-07-20 09:46:52 - search_index_manager - INFO - Search index 'vector_search_index' already exists
2025-07-20 09:46:52 - search_index_manager - INFO - Search index already exists, skipping creation
2025-07-20 09:47:11 - search_index_manager - INFO - Search index 'vector_search_index' already exists
2025-07-20 09:47:11 - search_index_manager - INFO - Search index already exists, skipping creation
2025-07-20 09:48:01 - search_index_manager - INFO - Search index 'vector_search_index' already exists
2025-07-20 09:48:01 - search_index_manager - INFO - Search index already exists, skipping creation
2025-07-20 09:48:57 - search_index_manager - INFO - Search index 'vector_search_index' already exists
2025-07-20 09:48:57 - search_index_manager - INFO - Search index already exists, skipping creation
2025-07-20 09:49:26 - search_index_manager - INFO - Search index 'vector_search_index' already exists
2025-07-20 09:49:26 - search_index_manager - INFO - Search index already exists, skipping creation
2025-07-20 09:50:39 - search_index_manager - INFO - Search index 'vector_search_index' already exists
2025-07-20 09:50:39 - search_index_manager - INFO - Search index already exists, skipping creation
2025-07-20 09:51:18 - search_index_manager - INFO - Search index 'vector_search_index' already exists
2025-07-20 09:51:18 - search_index_manager - INFO - Search index already exists, skipping creation
2025-07-20 09:55:13 - search_index_manager - INFO - Search index 'vector_search_index' already exists
2025-07-20 09:55:13 - search_index_manager - INFO - Search index already exists, skipping creation
2025-07-20 09:58:59 - search_index_manager - INFO - Search index 'vector_search_index' already exists
2025-07-20 09:58:59 - search_index_manager - INFO - Search index already exists, skipping creation
2025-07-20 10:05:04 - search_index_manager - INFO - Search index 'vector_search_index' already exists
2025-07-20 10:05:04 - search_index_manager - INFO - Search index already exists, skipping creation
2025-07-20 10:05:35 - search_index_manager - INFO - Search index 'vector_search_index' already exists
2025-07-20 10:05:35 - search_index_manager - INFO - Search index already exists, skipping creation
2025-07-20 10:05:58 - search_index_manager - INFO - Search index 'vector_search_index' already exists
2025-07-20 10:05:58 - search_index_manager - INFO - Search index already exists, skipping creation
2025-07-20 10:07:04 - search_index_manager - INFO - Search index 'vector_search_index' already exists
2025-07-20 10:07:04 - search_index_manager - INFO - Search index already exists, skipping creation
2025-07-20 10:07:59 - search_index_manager - INFO - Search index 'vector_search_index' already exists
2025-07-20 10:07:59 - search_index_manager - INFO - Search index already exists, skipping creation
2025-07-20 10:11:17 - search_index_manager - INFO - Search index 'vector_search_index' already exists
2025-07-20 10:11:17 - search_index_manager - INFO - Search index already exists, skipping creation
2025-07-20 10:12:43 - search_index_manager - INFO - Search index 'vector_search_index' already exists
2025-07-20 10:12:43 - search_index_manager - INFO - Search index already exists, skipping creation
2025-07-20 10:16:05 - search_index_manager - INFO - Search index 'vector_search_index' already exists
2025-07-20 10:16:05 - search_index_manager - INFO - Search index already exists, skipping creation
2025-07-20 10:17:34 - search_index_manager - INFO - Search index 'vector_search_index' already exists
2025-07-20 10:17:34 - search_index_manager - INFO - Search index already exists, skipping creation
2025-07-20 10:20:24 - search_index_manager - INFO - Search index 'vector_search_index' already exists
2025-07-20 10:20:24 - search_index_manager - INFO - Search index already exists, skipping creation
2025-07-20 10:27:24 - search_index_manager - INFO - Search index 'vector_search_index' already exists
2025-07-20 10:27:24 - search_index_manager - INFO - Search index already exists, skipping creation
2025-07-20 10:29:38 - search_index_manager - INFO - Search index 'vector_search_index' already exists
2025-07-20 10:29:38 - search_index_manager - INFO - Search index already exists, skipping creation
2025-07-20 10:35:05 - search_index_manager - INFO - Search index 'vector_search_index' already exists
2025-07-20 10:35:05 - search_index_manager - INFO - Search index already exists, skipping creation
2025-07-20 10:38:04 - search_index_manager - INFO - Search index 'vector_search_index' already exists
2025-07-20 10:38:04 - search_index_manager - INFO - Search index already exists, skipping creation
2025-07-20 10:40:51 - search_index_manager - INFO - Search index 'vector_search_index' already exists
2025-07-20 10:40:51 - search_index_manager - INFO - Search index already exists, skipping creation
2025-07-20 10:41:12 - search_index_manager - INFO - Search index 'vector_search_index' already exists
2025-07-20 10:41:12 - search_index_manager - INFO - Search index already exists, skipping creation
2025-07-20 10:41:53 - search_index_manager - INFO - Search index 'vector_search_index' already exists
2025-07-20 10:41:53 - search_index_manager - INFO - Search index already exists, skipping creation
2025-07-20 10:42:16 - search_index_manager - INFO - Search index 'vector_search_index' already exists
2025-07-20 10:42:16 - search_index_manager - INFO - Search index already exists, skipping creation
2025-07-20 10:42:40 - search_index_manager - INFO - Search index 'vector_search_index' already exists
2025-07-20 10:42:40 - search_index_manager - INFO - Search index already exists, skipping creation
2025-07-20 10:44:30 - search_index_manager - INFO - Search index 'vector_search_index' already exists
2025-07-20 10:44:30 - search_index_manager - INFO - Search index already exists, skipping creation
2025-07-20 10:44:30 - search_index_manager - INFO - Search index 'vector_search_index' already exists
2025-07-20 10:44:30 - search_index_manager - INFO - Search index already exists, skipping creation
2025-07-20 10:48:12 - search_index_manager - INFO - Search index 'vector_search_index' already exists
2025-07-20 10:48:12 - search_index_manager - INFO - Search index already exists, skipping creation
2025-07-20 10:48:12 - search_index_manager - INFO - Search index 'vector_search_index' already exists
2025-07-20 10:48:12 - search_index_manager - INFO - Search index already exists, skipping creation
2025-07-20 10:49:26 - search_index_manager - INFO - Search index 'vector_search_index' already exists
2025-07-20 10:49:26 - search_index_manager - INFO - Search index already exists, skipping creation
2025-07-20 10:49:26 - search_index_manager - INFO - Search index 'vector_search_index' already exists
2025-07-20 10:49:26 - search_index_manager - INFO - Search index already exists, skipping creation
2025-07-20 10:50:32 - search_index_manager - INFO - Search index 'vector_search_index' already exists
2025-07-20 10:50:32 - search_index_manager - INFO - Search index already exists, skipping creation
2025-07-20 10:50:32 - search_index_manager - INFO - Search index 'vector_search_index' already exists
2025-07-20 10:50:32 - search_index_manager - INFO - Search index already exists, skipping creation
2025-07-20 10:51:39 - search_index_manager - INFO - Search index 'vector_search_index' already exists
2025-07-20 10:51:39 - search_index_manager - INFO - Search index already exists, skipping creation
2025-07-20 10:51:39 - search_index_manager - INFO - Search index 'vector_search_index' already exists
2025-07-20 10:51:39 - search_index_manager - INFO - Search index already exists, skipping creation
2025-07-20 10:53:12 - search_index_manager - INFO - Search index 'vector_search_index' already exists
2025-07-20 10:53:12 - search_index_manager - INFO - Search index already exists, skipping creation
2025-07-20 10:53:12 - search_index_manager - INFO - Search index 'vector_search_index' already exists
2025-07-20 10:53:12 - search_index_manager - INFO - Search index already exists, skipping creation
2025-07-20 10:53:45 - search_index_manager - INFO - Search index 'vector_search_index' already exists
2025-07-20 10:53:45 - search_index_manager - INFO - Search index already exists, skipping creation
2025-07-20 10:53:45 - search_index_manager - INFO - Search index already exists, skipping creation
2025-07-20 10:54:11 - search_index_manager - INFO - Search index 'vector_search_index' already exists
2025-07-20 10:54:11 - search_index_manager - INFO - Search index already exists, skipping creation
2025-07-20 10:54:11 - search_index_manager - INFO - Search index 'vector_search_index' already exists
2025-07-20 10:54:11 - search_index_manager - INFO - Search index already exists, skipping creation
2025-07-20 10:54:47 - search_index_manager - INFO - Search index 'vector_search_index' already exists
2025-07-20 10:54:47 - search_index_manager - INFO - Search index already exists, skipping creation
2025-07-20 10:54:47 - search_index_manager - INFO - Search index 'vector_search_index' already exists
2025-07-20 10:54:47 - search_index_manager - INFO - Search index already exists, skipping creation
2025-07-20 10:55:06 - search_index_manager - INFO - Search index 'vector_search_index' already exists
2025-07-20 10:55:06 - search_index_manager - INFO - Search index already exists, skipping creation
2025-07-20 10:55:11 - search_index_manager - INFO - Search index 'vector_search_index' already exists
2025-07-20 10:55:11 - search_index_manager - INFO - Search index already exists, skipping creation
2025-07-22 23:20:14 - search_index_manager - INFO - Search index 'vector_search_index' already exists
2025-07-22 23:20:14 - search_index_manager - INFO - Search index already exists, skipping creation
2025-07-22 23:32:22 - search_index_manager - INFO - Search index 'vector_search_index' already exists
2025-07-22 23:32:22 - search_index_manager - INFO - Search index already exists, skipping creation
2025-07-24 21:45:19 - search_index_manager - INFO - Search index 'vector_search_index' already exists
2025-07-24 21:45:19 - search_index_manager - INFO - Search index already exists, skipping creation
2025-07-24 21:48:47 - search_index_manager - INFO - Search index 'vector_search_index' already exists
2025-07-24 21:48:47 - search_index_manager - INFO - Search index already exists, skipping creation
2025-07-24 21:49:35 - search_index_manager - INFO - Search index 'vector_search_index' already exists
2025-07-24 21:49:35 - search_index_manager - INFO - Search index already exists, skipping creation
2025-07-24 21:50:37 - search_index_manager - INFO - Search index 'vector_search_index' already exists
2025-07-24 21:50:37 - search_index_manager - INFO - Search index already exists, skipping creation
2025-07-24 21:52:03 - search_index_manager - INFO - Search index 'vector_search_index' already exists
2025-07-24 21:52:03 - search_index_manager - INFO - Search index already exists, skipping creation
2025-07-24 21:54:41 - search_index_manager - INFO - Search index 'vector_search_index' already exists
2025-07-24 21:54:41 - search_index_manager - INFO - Search index already exists, skipping creation
2025-07-24 21:56:29 - search_index_manager - INFO - Search index 'vector_search_index' already exists
2025-07-24 21:56:29 - search_index_manager - INFO - Search index already exists, skipping creation
2025-07-24 21:56:59 - search_index_manager - INFO - Search index 'vector_search_index' already exists
2025-07-24 21:56:59 - search_index_manager - INFO - Search index already exists, skipping creation
2025-07-24 23:41:18 - search_index_manager - INFO - Search index 'vector_search_index' already exists
2025-07-24 23:41:18 - search_index_manager - INFO - Search index already exists, skipping creation
2025-07-25 21:53:01 - search_index_manager - INFO - Search index 'vector_search_index' already exists
2025-07-25 21:53:01 - search_index_manager - INFO - Search index already exists, skipping creation
2025-07-25 21:59:25 - search_index_manager - INFO - Search index 'vector_search_index' already exists
2025-07-25 21:59:25 - search_index_manager - INFO - Search index already exists, skipping creation
2025-07-25 22:16:26 - search_index_manager - INFO - Search index 'vector_search_index' already exists
2025-07-25 22:16:26 - search_index_manager - INFO - Search index already exists, skipping creation
2025-08-02 11:30:01 - search_index_manager - INFO - Search index 'vector_search_index' already exists
2025-08-02 11:30:01 - search_index_manager - INFO - Search index already exists, skipping creation
2025-08-02 11:45:17 - search_index_manager - INFO - Search index 'vector_search_index' already exists
2025-08-02 11:45:17 - search_index_manager - INFO - Search index already exists, skipping creation
2025-08-02 12:09:26 - search_index_manager - INFO - Search index 'vector_search_index' already exists
2025-08-02 12:09:26 - search_index_manager - INFO - Search index already exists, skipping creation
2025-08-02 16:50:39 - search_index_manager - INFO - Search index 'vector_search_index' already exists
2025-08-02 16:50:39 - search_index_manager - INFO - Search index already exists, skipping creation
2025-08-02 17:33:25 - search_index_manager - INFO - Search index 'vector_search_index' already exists
2025-08-02 17:33:25 - search_index_manager - INFO - Search index already exists, skipping creation
2025-08-02 17:41:38 - search_index_manager - INFO - Search index 'vector_search_index' already exists
2025-08-02 17:41:38 - search_index_manager - INFO - Search index already exists, skipping creation
2025-08-02 17:50:51 - search_index_manager - INFO - Search index 'vector_search_index' already exists
2025-08-02 17:50:51 - search_index_manager - INFO - Search index already exists, skipping creation
2025-08-02 17:59:03 - search_index_manager - INFO - Search index 'vector_search_index' already exists
2025-08-02 17:59:03 - search_index_manager - INFO - Search index already exists, skipping creation
2025-08-02 18:16:07 - search_index_manager - INFO - Search index 'vector_search_index' already exists
2025-08-02 18:16:07 - search_index_manager - INFO - Search index already exists, skipping creation
2025-08-02 18:17:43 - search_index_manager - INFO - Search index 'vector_search_index' already exists
2025-08-02 18:17:43 - search_index_manager - INFO - Search index already exists, skipping creation
2025-08-02 18:19:31 - search_index_manager - INFO - Search index 'vector_search_index' already exists
2025-08-02 18:19:31 - search_index_manager - INFO - Search index already exists, skipping creation
2025-08-02 18:24:26 - search_index_manager - INFO - Search index 'vector_search_index' already exists
2025-08-02 18:24:26 - search_index_manager - INFO - Search index already exists, skipping creation
2025-08-02 18:27:14 - search_index_manager - INFO - Search index 'vector_search_index' already exists
2025-08-02 18:27:14 - search_index_manager - INFO - Search index already exists, skipping creation
2025-08-02 18:28:04 - search_index_manager - INFO - Search index 'vector_search_index' already exists
2025-08-02 18:28:04 - search_index_manager - INFO - Search index already exists, skipping creation
2025-08-02 18:33:08 - search_index_manager - INFO - Search index 'vector_search_index' already exists
2025-08-02 18:33:08 - search_index_manager - INFO - Search index already exists, skipping creation
2025-08-02 18:38:28 - search_index_manager - INFO - Search index 'vector_search_index' already exists
2025-08-02 18:38:28 - search_index_manager - INFO - Search index already exists, skipping creation
2025-08-02 18:42:14 - search_index_manager - INFO - Search index 'vector_search_index' already exists
2025-08-02 18:42:14 - search_index_manager - INFO - Search index already exists, skipping creation
2025-08-02 18:44:03 - search_index_manager - INFO - Search index 'vector_search_index' already exists
2025-08-02 18:44:03 - search_index_manager - INFO - Search index already exists, skipping creation
2025-08-02 18:47:43 - search_index_manager - INFO - Search index 'vector_search_index' already exists
2025-08-02 18:47:43 - search_index_manager - INFO - Search index already exists, skipping creation
2025-08-02 18:54:23 - search_index_manager - INFO - Search index 'vector_search_index' already exists
2025-08-02 18:54:23 - search_index_manager - INFO - Search index already exists, skipping creation
2025-08-02 18:54:43 - search_index_manager - INFO - Search index 'vector_search_index' already exists
2025-08-02 18:54:43 - search_index_manager - INFO - Search index already exists, skipping creation
2025-08-02 18:59:48 - search_index_manager - INFO - Search index 'vector_search_index' already exists
2025-08-02 18:59:48 - search_index_manager - INFO - Search index already exists, skipping creation
2025-08-02 19:01:39 - search_index_manager - INFO - Search index 'vector_search_index' already exists
2025-08-02 19:01:39 - search_index_manager - INFO - Search index already exists, skipping creation
2025-08-02 19:12:21 - search_index_manager - INFO - Search index 'vector_search_index' already exists
2025-08-02 19:12:21 - search_index_manager - INFO - Search index already exists, skipping creation
2025-08-02 19:21:59 - search_index_manager - INFO - Search index 'vector_search_index' already exists
2025-08-02 19:21:59 - search_index_manager - INFO - Search index already exists, skipping creation
2025-08-02 19:26:57 - search_index_manager - INFO - Search index 'vector_search_index' already exists
2025-08-02 19:26:57 - search_index_manager - INFO - Search index already exists, skipping creation
2025-08-02 19:58:32 - search_index_manager - INFO - Search index 'vector_search_index' already exists
2025-08-02 19:58:32 - search_index_manager - INFO - Search index already exists, skipping creation
2025-08-02 20:41:46 - search_index_manager - INFO - Search index 'vector_search_index' already exists
2025-08-02 20:41:46 - search_index_manager - INFO - Search index already exists, skipping creation
2025-08-02 20:46:50 - search_index_manager - INFO - Search index 'vector_search_index' already exists
2025-08-02 20:46:50 - search_index_manager - INFO - Search index already exists, skipping creation
2025-08-02 20:49:16 - search_index_manager - INFO - Search index 'vector_search_index' already exists
2025-08-02 20:49:16 - search_index_manager - INFO - Search index already exists, skipping creation
2025-08-02 20:53:18 - search_index_manager - INFO - Search index 'vector_search_index' already exists
2025-08-02 20:53:18 - search_index_manager - INFO - Search index already exists, skipping creation
2025-08-02 20:54:44 - search_index_manager - INFO - Search index 'vector_search_index' already exists
2025-08-02 20:54:44 - search_index_manager - INFO - Search index already exists, skipping creation
2025-08-02 21:00:26 - search_index_manager - INFO - Search index 'vector_search_index' already exists
2025-08-02 21:00:26 - search_index_manager - INFO - Search index already exists, skipping creation
2025-08-02 21:00:42 - search_index_manager - INFO - Search index 'vector_search_index' already exists
2025-08-02 21:00:42 - search_index_manager - INFO - Search index already exists, skipping creation
2025-08-02 21:08:09 - search_index_manager - INFO - Search index 'vector_search_index' already exists
2025-08-02 21:08:09 - search_index_manager - INFO - Search index already exists, skipping creation
2025-08-07 22:51:06 - search_index_manager - INFO - Search index 'vector_search_index' already exists
2025-08-07 22:51:06 - search_index_manager - INFO - Search index already exists, skipping creation
2025-08-07 23:53:24 - search_index_manager - INFO - Search index 'vector_search_index' already exists
2025-08-07 23:53:24 - search_index_manager - INFO - Search index already exists, skipping creation
2025-08-08 18:32:42 - search_index_manager - INFO - Search index 'vector_search_index' already exists
2025-08-08 18:32:42 - search_index_manager - INFO - Search index already exists, skipping creation
2025-08-12 23:32:15 - search_index_manager - INFO - Search index 'vector_search_index' already exists
2025-08-12 23:32:15 - search_index_manager - INFO - Search index already exists, skipping creation
2025-08-17 13:02:16 - search_index_manager - INFO - Search index 'vector_search_index' already exists
2025-08-17 13:02:16 - search_index_manager - INFO - Search index already exists, skipping creation
2025-09-06 16:37:35 - search_index_manager - INFO - Search index 'vector_search_index' already exists
2025-09-06 16:37:35 - search_index_manager - INFO - Search index already exists, skipping creation
2025-09-06 17:37:57 - search_index_manager - INFO - Search index 'vector_search_index' already exists
2025-09-06 17:37:57 - search_index_manager - INFO - Search index already exists, skipping creation
2025-09-06 17:44:09 - search_index_manager - INFO - Search index 'vector_search_index' already exists
2025-09-06 17:44:09 - search_index_manager - INFO - Search index already exists, skipping creation
2025-09-10 23:21:01 - search_index_manager - INFO - Search index 'vector_search_index' already exists
2025-09-10 23:21:01 - search_index_manager - INFO - Search index already exists, skipping creation
2025-09-10 23:24:32 - search_index_manager - INFO - Search index 'vector_search_index' already exists
2025-09-10 23:24:32 - search_index_manager - INFO - Search index already exists, skipping creation
2025-09-10 23:26:27 - search_index_manager - INFO - Search index 'vector_search_index' already exists
2025-09-10 23:26:27 - search_index_manager - INFO - Search index already exists, skipping creation
2025-09-10 23:27:02 - search_index_manager - INFO - Search index 'vector_search_index' already exists
2025-09-10 23:27:02 - search_index_manager - INFO - Search index already exists, skipping creation
2025-09-13 21:39:10 - search_index_manager - INFO - Search index 'vector_search_index' already exists
2025-09-13 21:39:10 - search_index_manager - INFO - Search index already exists, skipping creation
2025-09-13 21:43:59 - search_index_manager - INFO - Search index 'vector_search_index' already exists
2025-09-13 21:43:59 - search_index_manager - INFO - Search index already exists, skipping creation
2025-09-13 21:48:20 - search_index_manager - INFO - Search index 'vector_search_index' already exists
2025-09-13 21:48:20 - search_index_manager - INFO - Search index already exists, skipping creation
2025-09-13 21:50:06 - search_index_manager - INFO - Search index 'vector_search_index' already exists
2025-09-13 21:50:06 - search_index_manager - INFO - Search index already exists, skipping creation
2025-09-13 21:51:29 - search_index_manager - INFO - Search index 'vector_search_index' already exists
2025-09-13 21:51:29 - search_index_manager - INFO - Search index already exists, skipping creation
2025-09-13 21:51:54 - search_index_manager - INFO - Search index 'vector_search_index' already exists
2025-09-13 21:51:54 - search_index_manager - INFO - Search index already exists, skipping creation
2025-09-13 21:52:39 - search_index_manager - INFO - Search index 'vector_search_index' already exists
2025-09-13 21:52:39 - search_index_manager - INFO - Search index already exists, skipping creation
2025-09-13 21:53:11 - search_index_manager - INFO - Search index 'vector_search_index' already exists
2025-09-13 21:53:11 - search_index_manager - INFO - Search index already exists, skipping creation
2025-09-13 21:55:33 - search_index_manager - INFO - Search index 'vector_search_index' already exists
2025-09-13 21:55:33 - search_index_manager - INFO - Search index already exists, skipping creation
2025-09-15 21:32:47 - search_index_manager - INFO - Search index 'vector_search_index' already exists
2025-09-15 21:32:47 - search_index_manager - INFO - Search index already exists, skipping creation
2025-09-18 22:44:17 - search_index_manager - INFO - Search index 'vector_search_index' already exists
2025-09-18 22:44:17 - search_index_manager - INFO - Search index already exists, skipping creation
2025-09-18 23:19:21 - search_index_manager - INFO - Search index 'vector_search_index' already exists
2025-09-18 23:19:21 - search_index_manager - INFO - Search index already exists, skipping creation
2025-09-18 23:23:53 - search_index_manager - INFO - Search index 'vector_search_index' already exists
2025-09-18 23:23:53 - search_index_manager - INFO - Search index already exists, skipping creation
2025-09-18 23:24:57 - search_index_manager - INFO - Search index 'vector_search_index' already exists
2025-09-18 23:24:57 - search_index_manager - INFO - Search index already exists, skipping creation
2025-09-18 23:26:32 - search_index_manager - INFO - Search index 'vector_search_index' already exists
2025-09-18 23:26:32 - search_index_manager - INFO - Search index already exists, skipping creation
2025-09-18 23:29:38 - search_index_manager - INFO - Search index 'vector_search_index' already exists
2025-09-18 23:29:38 - search_index_manager - INFO - Search index already exists, skipping creation
2025-09-18 23:33:43 - search_index_manager - INFO - Search index 'vector_search_index' already exists
2025-09-18 23:33:43 - search_index_manager - INFO - Search index already exists, skipping creation
2025-09-18 23:35:55 - search_index_manager - INFO - Search index 'vector_search_index' already exists
2025-09-18 23:35:55 - search_index_manager - INFO - Search index already exists, skipping creation
2025-09-18 23:37:37 - search_index_manager - INFO - Search index 'vector_search_index' already exists
2025-09-18 23:37:37 - search_index_manager - INFO - Search index already exists, skipping creation
2025-09-18 23:47:35 - search_index_manager - INFO - Search index 'vector_search_index' already exists
2025-09-18 23:47:35 - search_index_manager - INFO - Search index already exists, skipping creation
2025-09-18 23:48:07 - search_index_manager - INFO - Search index 'vector_search_index' already exists
2025-09-18 23:48:07 - search_index_manager - INFO - Search index already exists, skipping creation
2025-09-18 23:48:49 - search_index_manager - INFO - Search index 'vector_search_index' already exists
2025-09-18 23:48:49 - search_index_manager - INFO - Search index already exists, skipping creation
2025-09-18 23:50:27 - search_index_manager - INFO - Search index 'vector_search_index' already exists
2025-09-18 23:50:27 - search_index_manager - INFO - Search index already exists, skipping creation
2025-09-18 23:50:44 - search_index_manager - INFO - Search index 'vector_search_index' already exists
2025-09-18 23:50:44 - search_index_manager - INFO - Search index already exists, skipping creation
2025-09-18 23:52:02 - search_index_manager - INFO - Search index 'vector_search_index' already exists
2025-09-18 23:52:02 - search_index_manager - INFO - Search index already exists, skipping creation
2025-09-18 23:53:10 - search_index_manager - INFO - Search index 'vector_search_index' already exists
2025-09-18 23:53:10 - search_index_manager - INFO - Search index already exists, skipping creation
2025-09-18 23:56:27 - search_index_manager - INFO - Search index 'vector_search_index' already exists
2025-09-18 23:56:27 - search_index_manager - INFO - Search index already exists, skipping creation
2025-09-18 23:57:18 - search_index_manager - INFO - Search index 'vector_search_index' already exists
2025-09-18 23:57:18 - search_index_manager - INFO - Search index already exists, skipping creation
2025-09-18 23:58:21 - search_index_manager - INFO - Search index 'vector_search_index' already exists
2025-09-18 23:58:21 - search_index_manager - INFO - Search index already exists, skipping creation
2025-09-19 00:03:44 - search_index_manager - INFO - Search index 'vector_search_index' already exists
2025-09-19 00:03:44 - search_index_manager - INFO - Search index already exists, skipping creation
2025-09-19 00:05:57 - search_index_manager - INFO - Search index 'vector_search_index' already exists
2025-09-19 00:05:57 - search_index_manager - INFO - Search index already exists, skipping creation
2025-09-19 00:08:04 - search_index_manager - INFO - Search index 'vector_search_index' already exists
2025-09-19 00:08:04 - search_index_manager - INFO - Search index already exists, skipping creation
2025-09-19 00:10:03 - search_index_manager - INFO - Search index 'vector_search_index' already exists
2025-09-19 00:10:03 - search_index_manager - INFO - Search index already exists, skipping creation
2025-09-19 00:13:08 - search_index_manager - INFO - Search index 'vector_search_index' already exists
2025-09-19 00:13:08 - search_index_manager - INFO - Search index already exists, skipping creation
2025-09-19 00:15:24 - search_index_manager - INFO - Search index 'vector_search_index' already exists
2025-09-19 00:15:24 - search_index_manager - INFO - Search index already exists, skipping creation
2025-09-19 00:16:43 - search_index_manager - INFO - Search index 'vector_search_index' already exists
2025-09-19 00:16:43 - search_index_manager - INFO - Search index already exists, skipping creation
2025-09-19 00:22:54 - search_index_manager - INFO - Search index 'vector_search_index' already exists
2025-09-19 00:22:54 - search_index_manager - INFO - Search index already exists, skipping creation
